0 info it worked if it ends with ok
1 verbose cli [ 'C:\\Program Files\\nodejs\\node.exe',
1 verbose cli   'C:\\Program Files\\nodejs\\node_modules\\npm\\bin\\npm-cli.js',
1 verbose cli   'run',
1 verbose cli   'sass' ]
2 info using npm@3.10.10
3 info using node@v6.11.0
4 verbose run-script [ 'presass', 'sass', 'postsass' ]
5 info lifecycle pizza@1.0.0~presass: pizza@1.0.0
6 silly lifecycle pizza@1.0.0~presass: no script for presass, continuing
7 info lifecycle pizza@1.0.0~sass: pizza@1.0.0
8 verbose lifecycle pizza@1.0.0~sass: unsafe-perm in lifecycle true
9 verbose lifecycle pizza@1.0.0~sass: PATH: C:\Program Files\nodejs\node_modules\npm\bin\node-gyp-bin;C:\Users\Gintarė\Documents\Pizza\node_modules\.bin;C:\Windows\system32;C:\Windows;C:\Windows\System32\Wbem;C:\Windows\System32\WindowsPowerShell\v1.0\;C:\Program Files\Intel\WiFi\bin\;C:\Program Files\Common Files\Intel\WirelessCommon\;C:\Program Files\nodejs\;C:\Ruby24-x64\bin;C:\Users\Gintarė\AppData\Local\Microsoft\WindowsApps;C:\Users\Gintarė\AppData\Local\atom\bin;C:\Users\Gintarė\AppData\Roaming\npm;C:\Program Files\nodejs
10 verbose lifecycle pizza@1.0.0~sass: CWD: C:\Users\Gintarė\Documents\Pizza
11 silly lifecycle pizza@1.0.0~sass: Args: [ '/d /s /c', 'node-sass -w sass/ -o css/' ]
12 silly lifecycle pizza@1.0.0~sass: Returned: code: 3221225786  signal: null
13 info lifecycle pizza@1.0.0~sass: Failed to exec sass script
14 verbose stack Error: pizza@1.0.0 sass: `node-sass -w sass/ -o css/`
14 verbose stack Exit status 3221225786
14 verbose stack     at EventEmitter.<anonymous> (C:\Program Files\nodejs\node_modules\npm\lib\utils\lifecycle.js:255:16)
14 verbose stack     at emitTwo (events.js:106:13)
14 verbose stack     at EventEmitter.emit (events.js:191:7)
14 verbose stack     at ChildProcess.<anonymous> (C:\Program Files\nodejs\node_modules\npm\lib\utils\spawn.js:40:14)
14 verbose stack     at emitTwo (events.js:106:13)
14 verbose stack     at ChildProcess.emit (events.js:191:7)
14 verbose stack     at maybeClose (internal/child_process.js:891:16)
14 verbose stack     at Process.ChildProcess._handle.onexit (internal/child_process.js:226:5)
15 verbose pkgid pizza@1.0.0
16 verbose cwd C:\Users\Gintarė\Documents\Pizza
17 error Windows_NT 10.0.14393
18 error argv "C:\\Program Files\\nodejs\\node.exe" "C:\\Program Files\\nodejs\\node_modules\\npm\\bin\\npm-cli.js" "run" "sass"
19 error node v6.11.0
20 error npm  v3.10.10
21 error code ELIFECYCLE
22 error pizza@1.0.0 sass: `node-sass -w sass/ -o css/`
22 error Exit status 3221225786
23 error Failed at the pizza@1.0.0 sass script 'node-sass -w sass/ -o css/'.
23 error Make sure you have the latest version of node.js and npm installed.
23 error If you do, this is most likely a problem with the pizza package,
23 error not with npm itself.
23 error Tell the author that this fails on your system:
23 error     node-sass -w sass/ -o css/
23 error You can get information on how to open an issue for this project with:
23 error     npm bugs pizza
23 error Or if that isn't available, you can get their info via:
23 error     npm owner ls pizza
23 error There is likely additional logging output above.
24 verbose exit [ 1, true ]
